<?xml version="1.0" encoding="UTF-8"?>
<testsuite xmlns:xsi="http://www.w3.org/2001/XMLSchema-instance" xsi:noNamespaceSchemaLocation="https://maven.apache.org/surefire/maven-surefire-plugin/xsd/surefire-test-report-3.0.xsd" version="3.0" name="com.example.playwright.tests.GoogleTest" time="12.962" tests="1" errors="0" skipped="0" failures="0">
  <properties>
    <property name="java.specification.version" value="20"/>
    <property name="sun.cpu.isalist" value="amd64"/>
    <property name="sun.jnu.encoding" value="Cp1252"/>
    <property name="java.class.path" value="C:\Users\lthai2\playwright-java-framework\playwright-java-framework\target\test-classes;C:\Users\lthai2\playwright-java-framework\playwright-java-framework\target\classes;C:\Users\lthai2\.m2\repository\junit\junit\4.11\junit-4.11.jar;C:\Users\lthai2\.m2\repository\org\hamcrest\hamcrest-core\1.3\hamcrest-core-1.3.jar;C:\Users\lthai2\.m2\repository\com\microsoft\playwright\playwright\1.44.0\playwright-1.44.0.jar;C:\Users\lthai2\.m2\repository\com\google\code\gson\gson\2.10.1\gson-2.10.1.jar;C:\Users\lthai2\.m2\repository\org\opentest4j\opentest4j\1.3.0\opentest4j-1.3.0.jar;C:\Users\lthai2\.m2\repository\com\microsoft\playwright\driver\1.44.0\driver-1.44.0.jar;C:\Users\lthai2\.m2\repository\com\microsoft\playwright\driver-bundle\1.44.0\driver-bundle-1.44.0.jar;C:\Users\lthai2\.m2\repository\org\testng\testng\7.10.1\testng-7.10.1.jar;C:\Users\lthai2\.m2\repository\com\beust\jcommander\1.82\jcommander-1.82.jar;C:\Users\lthai2\.m2\repository\org\webjars\jquery\3.7.1\jquery-3.7.1.jar;C:\Users\lthai2\.m2\repository\org\slf4j\slf4j-api\1.7.36\slf4j-api-1.7.36.jar;C:\Users\lthai2\.m2\repository\org\slf4j\slf4j-simple\1.7.36\slf4j-simple-1.7.36.jar;"/>
    <property name="java.vm.vendor" value="Oracle Corporation"/>
    <property name="sun.arch.data.model" value="64"/>
    <property name="user.variant" value=""/>
    <property name="java.vendor.url" value="https://java.oracle.com/"/>
    <property name="user.timezone" value="Asia/Bangkok"/>
    <property name="os.name" value="Windows 11"/>
    <property name="java.vm.specification.version" value="20"/>
    <property name="sun.java.launcher" value="SUN_STANDARD"/>
    <property name="user.country" value="US"/>
    <property name="sun.boot.library.path" value="C:\Program Files\Java\jdk-20\bin"/>
    <property name="sun.java.command" value="C:\Users\lthai2\AppData\Local\Temp\surefire2575450338836585135\surefirebooter-20250709102800646_3.jar C:\Users\lthai2\AppData\Local\Temp\surefire2575450338836585135 2025-07-09T10-28-00_258-jvmRun1 surefire-20250709102800646_1tmp surefire_0-20250709102800646_2tmp"/>
    <property name="jdk.debug" value="release"/>
    <property name="test" value="GoogleTest"/>
    <property name="surefire.test.class.path" value="C:\Users\lthai2\playwright-java-framework\playwright-java-framework\target\test-classes;C:\Users\lthai2\playwright-java-framework\playwright-java-framework\target\classes;C:\Users\lthai2\.m2\repository\junit\junit\4.11\junit-4.11.jar;C:\Users\lthai2\.m2\repository\org\hamcrest\hamcrest-core\1.3\hamcrest-core-1.3.jar;C:\Users\lthai2\.m2\repository\com\microsoft\playwright\playwright\1.44.0\playwright-1.44.0.jar;C:\Users\lthai2\.m2\repository\com\google\code\gson\gson\2.10.1\gson-2.10.1.jar;C:\Users\lthai2\.m2\repository\org\opentest4j\opentest4j\1.3.0\opentest4j-1.3.0.jar;C:\Users\lthai2\.m2\repository\com\microsoft\playwright\driver\1.44.0\driver-1.44.0.jar;C:\Users\lthai2\.m2\repository\com\microsoft\playwright\driver-bundle\1.44.0\driver-bundle-1.44.0.jar;C:\Users\lthai2\.m2\repository\org\testng\testng\7.10.1\testng-7.10.1.jar;C:\Users\lthai2\.m2\repository\com\beust\jcommander\1.82\jcommander-1.82.jar;C:\Users\lthai2\.m2\repository\org\webjars\jquery\3.7.1\jquery-3.7.1.jar;C:\Users\lthai2\.m2\repository\org\slf4j\slf4j-api\1.7.36\slf4j-api-1.7.36.jar;C:\Users\lthai2\.m2\repository\org\slf4j\slf4j-simple\1.7.36\slf4j-simple-1.7.36.jar;"/>
    <property name="sun.cpu.endian" value="little"/>
    <property name="user.home" value="C:\Users\lthai2"/>
    <property name="user.language" value="en"/>
    <property name="java.specification.vendor" value="Oracle Corporation"/>
    <property name="java.version.date" value="2023-03-21"/>
    <property name="java.home" value="C:\Program Files\Java\jdk-20"/>
    <property name="file.separator" value="\"/>
    <property name="basedir" value="C:\Users\lthai2\playwright-java-framework\playwright-java-framework"/>
    <property name="java.vm.compressedOopsMode" value="Zero based"/>
    <property name="line.separator" value="&#10;"/>
    <property name="java.vm.specification.vendor" value="Oracle Corporation"/>
    <property name="java.specification.name" value="Java Platform API Specification"/>
    <property name="surefire.real.class.path" value="C:\Users\lthai2\AppData\Local\Temp\surefire2575450338836585135\surefirebooter-20250709102800646_3.jar"/>
    <property name="user.script" value=""/>
    <property name="sun.management.compiler" value="HotSpot 64-Bit Tiered Compilers"/>
    <property name="java.runtime.version" value="20+36-2344"/>
    <property name="user.name" value="lthai2"/>
    <property name="stdout.encoding" value="Cp1252"/>
    <property name="path.separator" value=";"/>
    <property name="os.version" value="10.0"/>
    <property name="java.runtime.name" value="Java(TM) SE Runtime Environment"/>
    <property name="file.encoding" value="UTF-8"/>
    <property name="java.vm.name" value="Java HotSpot(TM) 64-Bit Server VM"/>
    <property name="localRepository" value="C:\Users\lthai2\.m2\repository"/>
    <property name="java.vendor.url.bug" value="https://bugreport.java.com/bugreport/"/>
    <property name="java.io.tmpdir" value="C:\Users\lthai2\AppData\Local\Temp\"/>
    <property name="java.version" value="20"/>
    <property name="user.dir" value="C:\Users\lthai2\playwright-java-framework\playwright-java-framework"/>
    <property name="os.arch" value="amd64"/>
    <property name="java.vm.specification.name" value="Java Virtual Machine Specification"/>
    <property name="sun.os.patch.level" value=""/>
    <property name="native.encoding" value="Cp1252"/>
    <property name="java.library.path" value="C:\Program Files\Java\jdk-20\bin;C:\WINDOWS\Sun\Java\bin;C:\WINDOWS\system32;C:\WINDOWS;C:\Program Files\Common Files\Oracle\Java\javapath;C:\Program Files (x86)\Common Files\Oracle\Java\javapath;C:\WINDOWS\system32;C:\WINDOWS;C:\WINDOWS\System32\Wbem;C:\WINDOWS\System32\WindowsPowerShell\v1.0\;C:\WINDOWS\System32\OpenSSH\;C:\Program Files\Git\cmd;C:\Program Files\nodejs\;C:\Program Files\Maven\apache-maven-3.9.9-bin\apache-maven-3.9.9\bin;C:\Program Files\Allure\allure-2.24.0\allure-2.24.0\bin;C:\Users\lthai2\AppData\Local\Programs\Python\Python313\Scripts\;C:\Users\lthai2\AppData\Local\Programs\Python\Python313\;C:\Users\lthai2\AppData\Local\Microsoft\WindowsApps;C:\Users\lthai2\AppData\Local\Programs\Microsoft VS Code\bin;C:\Users\lthai2\AppData\Roaming\npm;C:\Program Files\JetBrains\IntelliJ IDEA Community Edition 2024.3.4.1\bin;;;."/>
    <property name="java.vm.info" value="mixed mode, sharing"/>
    <property name="stderr.encoding" value="Cp1252"/>
    <property name="java.vendor" value="Oracle Corporation"/>
    <property name="java.vm.version" value="20+36-2344"/>
    <property name="sun.io.unicode.encoding" value="UnicodeLittle"/>
    <property name="java.class.version" value="64.0"/>
  </properties>
  <testcase name="testGoogleSearch" classname="com.example.playwright.tests.GoogleTest" time="4.335">
    <system-out><![CDATA[Playwright created successfully
Total rows: 6
Row 1 Title is: Bookstore
And content: 
Parasoft Bookstore Web service with a database backend. Includes a total of 9 book items.

Endpoint address: http://parabank.parasoft.com:8080/parabank/services/store-01
WSDL : {http://store.parabank.parasoft.com/}Bookstore
Target namespace: http://store.parabank.parasoft.com/
Row 2 Title is: Bookstore (Version 2.0)
And content: 
Parasoft Bookstore Web service with a database backend. Includes a total of 9 book items.

Endpoint address: http://parabank.parasoft.com:8080/parabank/services/store-01V2
WSDL : {http://store.parabank.parasoft.com/}Bookstore
Target namespace: http://store.parabank.parasoft.com/
Row 3 Title is: Bookstore
(WS-Security Username Token)
And content: 
Parasoft Bookstore Web service secured using WS-Security Username Token.
Clients need to authenticate themselves using Username Token.

username:soatest
password:soatest

Endpoint address: http://parabank.parasoft.com:8080/parabank/services/store-wss-01
WSDL : {http://store.parabank.parasoft.com/}Bookstore
Target namespace: http://store.parabank.parasoft.com/
Row 4 Title is: Bookstore
(WS-Security Signature)
And content: 
Parasoft Bookstore Web service secured using WS-Security Signature.
Clients need to sign the SOAP Body using the key store soatest.pfx

key store password: security
certificate alias: soatest
private key alias: soatest
algorithm: RSA

Responses have the SOAP Body signed using the same certificate.

Endpoint address: http://parabank.parasoft.com:8080/parabank/services/store-wss-02
WSDL : {http://store.parabank.parasoft.com/}Bookstore
Target namespace: http://store.parabank.parasoft.com/
Row 5 Title is: Bookstore
(WS-Security Encryption)
And content: 
Parasoft Bookstore Web service secured using WS-Security Encryption.
Clients need to encrypt the SOAP Body using the key store soatest.pfx

key store password: security
public key alias: soatest

Responses have the SOAP Body encrypted using the same key.

Endpoint address: http://parabank.parasoft.com:8080/parabank/services/store-wss-03
WSDL : {http://store.parabank.parasoft.com/}Bookstore
Target namespace: http://store.parabank.parasoft.com/
Row 6 Title is: Bookstore
(WS-Security Signature and Encryption)
And content: 
Parasoft Bookstore Web service secured using WS-Security Signature and Encryption.
Clients need to sign, then encrypt the SOAP Body using the key store soatest.pfx

key store password: security
key alias: soatest

Responses have the SOAP Body signed, then encrypted using the same key

Endpoint address: http://parabank.parasoft.com:8080/parabank/services/store-wss-04
WSDL : {http://store.parabank.parasoft.com/}Bookstore
Target namespace: http://store.parabank.parasoft.com/
]]></system-out>
  </testcase>
</testsuite>