<?xml version="1.0" encoding="UTF-8"?>
<!-- Generated by org.testng.reporters.JUnitReportReporter -->
<testsuite hostname="lthai2-8" failures="0" tests="1" name="com.example.playwright.tests.GoogleTest" time="12.620" errors="0" timestamp="2025-07-09T10:28:14 ICT" skipped="0">
  <testcase classname="com.example.playwright.tests.GoogleTest" name="testGoogleSearch" time="12.620"/>
</testsuite> <!-- com.example.playwright.tests.GoogleTest -->
