<?xml version="1.0" encoding="UTF-8"?>
<!-- Generated by org.testng.reporters.JUnitReportReporter -->
<testsuite hostname="lthai2-8" failures="0" tests="1" name="com.example.playwright.tests.openSourceDemo.LTH_1_Test" time="14.196" errors="0" timestamp="2025-08-27T11:16:53 ICT" skipped="0">
  <testcase classname="com.example.playwright.tests.openSourceDemo.LTH_1_Test" name="verifyLoginPageSuccessfully_2" time="14.196"/>
</testsuite> <!-- com.example.playwright.tests.openSourceDemo.LTH_1_Test -->
